<?xml version="1.0" encoding="UTF-8"?>
<!-- Generated by org.testng.reporters.JUnitReportReporter -->
<testsuite skipped="0" hostname="DESKTOP-O1MODL2" name="frameworks_base.BaseEngine" tests="1" failures="0" timestamp="15 Jul 2018 14:22:02 GMT" time="0.029" errors="0">
  <testcase name="script" time="0.029" classname="frameworks_base.BaseEngine"/>
</testsuite> <!-- frameworks_base.BaseEngine -->
